<?xml version="1.0" encoding="UTF-8"?>
<testng-results ignored="0" total="1" passed="1" failed="0" skipped="0">
  <reporter-output>
  </reporter-output>
  <suite started-at="2021-07-13T11:37:28 CDT" name="runner.TestRunner" finished-at="2021-07-13T11:38:15 CDT" duration-ms="46779">
    <groups>
    </groups>
    <test started-at="2021-07-13T11:37:28 CDT" name="Command line test" finished-at="2021-07-13T11:38:15 CDT" duration-ms="46779">
      <class name="runner.TestRunner">
        <test-method is-config="true" signature="setup()[pri:0, instance:runner.TestRunner@fe5c40]" started-at="2021-07-13T11:37:28 CDT" name="setup" finished-at="2021-07-13T11:37:59 CDT" duration-ms="31260" status="PASS">
          <reporter-output>
          </reporter-output>
        </test-method> <!-- setup -->
        <test-method signature="verifyGoogleSearch()[pri:0, instance:runner.TestRunner@fe5c40]" started-at="2021-07-13T11:37:59 CDT" name="verifyGoogleSearch" finished-at="2021-07-13T11:38:08 CDT" duration-ms="8820" status="PASS">
          <reporter-output>
          </reporter-output>
        </test-method> <!-- verifyGoogleSearch -->
        <test-method is-config="true" signature="tearDown()[pri:0, instance:runner.TestRunner@fe5c40]" started-at="2021-07-13T11:38:08 CDT" name="tearDown" finished-at="2021-07-13T11:38:15 CDT" duration-ms="6649" status="PASS">
          <reporter-output>
          </reporter-output>
        </test-method> <!-- tearDown -->
      </class> <!-- runner.TestRunner -->
    </test> <!-- Command line test -->
  </suite> <!-- runner.TestRunner -->
</testng-results>
